<?xml version="1.0" encoding="UTF-8"?>
<!-- Generated by org.testng.reporters.JUnitReportReporter -->
<testsuite hostname="QT-INBG-LT0337" failures="0" tests="1" name="main.mainTest" time="18.113" errors="0" timestamp="2023-07-28T17:56:56 IST" skipped="0">
  <testcase classname="main.mainTest" name="setup" time="18.113"/>
</testsuite> <!-- main.mainTest -->
