<?xml version="1.0" encoding="UTF-8"?>
<!-- Generated by org.testng.reporters.JUnitReportReporter -->
<testsuite hostname="QT-INBG-LT0337" failures="0" tests="1" name="prj.Orenge.AppTest" time="0.007" errors="0" timestamp="2023-07-28T17:56:57 IST" skipped="0">
  <testcase classname="prj.Orenge.AppTest" name="shouldAnswerWithTrue" time="0.007"/>
</testsuite> <!-- prj.Orenge.AppTest -->
